<?xml version="1.0" encoding="UTF-8"?>
<!-- Generated by org.testng.reporters.JUnitReportReporter -->
<testsuite skipped="0" hostname="DESKTOP-TSL53AG" name="test.NSS_TodoTest" tests="1" failures="0" timestamp="19 Sep 2019 17:00:00 GMT" time="9.205" errors="0">
  <testcase name="UserShouldBeAbleToGoToSite" time="9.205" classname="test.NSS_TodoTest"/>
</testsuite> <!-- test.NSS_TodoTest -->
